{"name": "Поиск фильма", "status": "broken", "statusDetails": {"message": "selenium.common.exceptions.TimeoutException: Message: \nStacktrace:\n\tGetHandleVerifier [0x00007FF7CAA380D5+2992373]\n\t(No symbol) [0x00007FF7CA6CBFD0]\n\t(No symbol) [0x00007FF7CA56590A]\n\t(No symbol) [0x00007FF7CA5B926E]\n\t(No symbol) [0x00007FF7CA5B955C]\n\t(No symbol) [0x00007FF7CA6027D7]\n\t(No symbol) [0x00007FF7CA5DF3AF]\n\t(No symbol) [0x00007FF7CA5FF584]\n\t(No symbol) [0x00007FF7CA5DF113]\n\t(No symbol) [0x00007FF7CA5AA918]\n\t(No symbol) [0x00007FF7CA5ABA81]\n\tGetHandleVerifier [0x00007FF7CAA96A2D+3379789]\n\tGetHandleVerifier [0x00007FF7CAAAC32D+3468109]\n\tGetHandleVerifier [0x00007FF7CAAA0043+3418211]\n\tGetHandleVerifier [0x00007FF7CA82C78B+847787]\n\t(No symbol) [0x00007FF7CA6D757F]\n\t(No symbol) [0x00007FF7CA6D2FC4]\n\t(No symbol) [0x00007FF7CA6D315D]\n\t(No symbol) [0x00007FF7CA6C2979]\n\tBaseThreadInitThunk [0x00007FF8A1177344+20]\n\tRtlUserThreadStart [0x00007FF8A1CA26B1+33]", "trace": "search_page = <search_page.SearchPage object at 0x000001DFA76D1B20>\n\n    @allure.title(\"Поиск фильма\")\n    @allure.description(\"Тест на поиск фильма по названию.\")\n    @allure.id(2)\n    @allure.severity(\"Критический\")\n    def test_search_by_title(search_page):\n    \n        with allure.step(\"В методе указываем название фильма\"):\n>           search_page.search_by_title(\"Матрица\")\n\ntest_ui.py:44: \n_ _ _ _ _ _ _ _ _ _ _ _ _ _ _ _ _ _ _ _ _ _ _ _ _ _ _ _ _ _ _ _ _ _ _ _ _ _ _ _ _ _ _ _ _ _ _ _ _ _ _ _ _ _ _ _ _ _ _ _ _ _ _ _ _ _ _ _ _ _ _ _ _ _ _ _ _ _ _ _ _ _ _ _ _ _ _ _ _ _ _ _ _ _ _ _ _ _ _ _ _ _ _ _ _ _ _ _ _ _ _ _ _ _\nsearch_page.py:17: in search_by_title\n    self._enter_text(By.ID, \"find_film\", title)\nsearch_page.py:36: in _enter_text\n    element = WebDriverWait(self.driver, 10).until(\n_ _ _ _ _ _ _ _ _ _ _ _ _ _ _ _ _ _ _ _ _ _ _ _ _ _ _ _ _ _ _ _ _ _ _ _ _ _ _ _ _ _ _ _ _ _ _ _ _ _ _ _ _ _ _ _ _ _ _ _ _ _ _ _ _ _ _ _ _ _ _ _ _ _ _ _ _ _ _ _ _ _ _ _ _ _ _ _ _ _ _ _ _ _ _ _ _ _ _ _ _ _ _ _ _ _ _ _ _ _ _ _ _ _\n\nself = <selenium.webdriver.support.wait.WebDriverWait (session=\"f81b83cb71dd09de97fc474867bc7ae5\")>, method = <function presence_of_element_located.<locals>._predicate at 0x000001DFA82CE0C0>, message = ''\n\n    def until(self, method: Callable[[D], Union[Literal[False], T]], message: str = \"\") -> T:\n        \"\"\"Calls the method provided with the driver as an argument until the \\\n        return value does not evaluate to ``False``.\n    \n        :param method: callable(WebDriver)\n        :param message: optional message for :exc:`TimeoutException`\n        :returns: the result of the last call to `method`\n        :raises: :exc:`selenium.common.exceptions.TimeoutException` if timeout occurs\n        \"\"\"\n        screen = None\n        stacktrace = None\n    \n        end_time = time.monotonic() + self._timeout\n        while True:\n            try:\n                value = method(self._driver)\n                if value:\n                    return value\n            except self._ignored_exceptions as exc:\n                screen = getattr(exc, \"screen\", None)\n                stacktrace = getattr(exc, \"stacktrace\", None)\n            time.sleep(self._poll)\n            if time.monotonic() > end_time:\n                break\n>       raise TimeoutException(message, screen, stacktrace)\nE       selenium.common.exceptions.TimeoutException: Message: \nE       Stacktrace:\nE       \tGetHandleVerifier [0x00007FF7CAA380D5+2992373]\nE       \t(No symbol) [0x00007FF7CA6CBFD0]\nE       \t(No symbol) [0x00007FF7CA56590A]\nE       \t(No symbol) [0x00007FF7CA5B926E]\nE       \t(No symbol) [0x00007FF7CA5B955C]\nE       \t(No symbol) [0x00007FF7CA6027D7]\nE       \t(No symbol) [0x00007FF7CA5DF3AF]\nE       \t(No symbol) [0x00007FF7CA5FF584]\nE       \t(No symbol) [0x00007FF7CA5DF113]\nE       \t(No symbol) [0x00007FF7CA5AA918]\nE       \t(No symbol) [0x00007FF7CA5ABA81]\nE       \tGetHandleVerifier [0x00007FF7CAA96A2D+3379789]\nE       \tGetHandleVerifier [0x00007FF7CAAAC32D+3468109]\nE       \tGetHandleVerifier [0x00007FF7CAAA0043+3418211]\nE       \tGetHandleVerifier [0x00007FF7CA82C78B+847787]\nE       \t(No symbol) [0x00007FF7CA6D757F]\nE       \t(No symbol) [0x00007FF7CA6D2FC4]\nE       \t(No symbol) [0x00007FF7CA6D315D]\nE       \t(No symbol) [0x00007FF7CA6C2979]\nE       \tBaseThreadInitThunk [0x00007FF8A1177344+20]\nE       \tRtlUserThreadStart [0x00007FF8A1CA26B1+33]\n\n.venv\\Lib\\site-packages\\selenium\\webdriver\\support\\wait.py:105: TimeoutException"}, "description": "Тест на поиск фильма по названию.", "steps": [{"name": "В методе указываем название фильма", "status": "broken", "statusDetails": {"message": "selenium.common.exceptions.TimeoutException: Message: \nStacktrace:\n\tGetHandleVerifier [0x00007FF7CAA380D5+2992373]\n\t(No symbol) [0x00007FF7CA6CBFD0]\n\t(No symbol) [0x00007FF7CA56590A]\n\t(No symbol) [0x00007FF7CA5B926E]\n\t(No symbol) [0x00007FF7CA5B955C]\n\t(No symbol) [0x00007FF7CA6027D7]\n\t(No symbol) [0x00007FF7CA5DF3AF]\n\t(No symbol) [0x00007FF7CA5FF584]\n\t(No symbol) [0x00007FF7CA5DF113]\n\t(No symbol) [0x00007FF7CA5AA918]\n\t(No symbol) [0x00007FF7CA5ABA81]\n\tGetHandleVerifier [0x00007FF7CAA96A2D+3379789]\n\tGetHandleVerifier [0x00007FF7CAAAC32D+3468109]\n\tGetHandleVerifier [0x00007FF7CAAA0043+3418211]\n\tGetHandleVerifier [0x00007FF7CA82C78B+847787]\n\t(No symbol) [0x00007FF7CA6D757F]\n\t(No symbol) [0x00007FF7CA6D2FC4]\n\t(No symbol) [0x00007FF7CA6D315D]\n\t(No symbol) [0x00007FF7CA6C2979]\n\tBaseThreadInitThunk [0x00007FF8A1177344+20]\n\tRtlUserThreadStart [0x00007FF8A1CA26B1+33]\n\n", "trace": "  File \"C:\\Users\\Виктор\\PycharmProjects\\Diplom_Sky_Pro\\test_ui.py\", line 44, in test_search_by_title\n    search_page.search_by_title(\"Матрица\")\n  File \"C:\\Users\\Виктор\\PycharmProjects\\Diplom_Sky_Pro\\search_page.py\", line 17, in search_by_title\n    self._enter_text(By.ID, \"find_film\", title)\n  File \"C:\\Users\\Виктор\\PycharmProjects\\Diplom_Sky_Pro\\search_page.py\", line 36, in _enter_text\n    element = WebDriverWait(self.driver, 10).until(\n              ^^^^^^^^^^^^^^^^^^^^^^^^^^^^^^^^^^^^^\n  File \"C:\\Users\\Виктор\\PycharmProjects\\Diplom_Sky_Pro\\.venv\\Lib\\site-packages\\selenium\\webdriver\\support\\wait.py\", line 105, in until\n    raise TimeoutException(message, screen, stacktrace)\n"}, "start": 1736887188567, "stop": 1736887198955}], "start": 1736887188567, "stop": 1736887198955, "uuid": "be84b754-bb3e-46ab-84eb-844979a0f2d1", "historyId": "52dab97511c17df1ce0306c56b308bba", "testCaseId": "52dab97511c17df1ce0306c56b308bba", "fullName": "test_ui#test_search_by_title", "labels": [{"name": "severity", "value": "Критический"}, {"name": "as_id", "value": 2}, {"name": "suite", "value": "test_ui"}, {"name": "host", "value": "HOME-PC"}, {"name": "thread", "value": "7776-MainThread"}, {"name": "framework", "value": "pytest"}, {"name": "language", "value": "cpython3"}, {"name": "package", "value": "test_ui"}]}